<?xml version="1.0" encoding="UTF-8"?>
<testsuite xmlns:xsi="http://www.w3.org/2001/XMLSchema-instance" xsi:noNamespaceSchemaLocation="https://maven.apache.org/surefire/maven-surefire-plugin/xsd/surefire-test-report.xsd" version="3.0.2" name="com.web.service.addmix_store.AddmixStoreApplicationTests" time="4.98" tests="1" errors="0" skipped="0" failures="0">
  <properties>
[...]
</properties>
  <testcase name="contextLoads" classname="com.web.service.addmix_store.AddmixStoreApplicationTests" time="0.535">
    <system-out><![CDATA[15:14:59.915 [main] INFO org.springframework.test.context.support.AnnotationConfigContextLoaderUtils -- Could not detect default configuration classes for test class [com.web.service.addmix_store.AddmixStoreApplicationTests]: AddmixStoreApplicationTests does not declare any static, non-private, non-final, nested classes annotated with @Configuration.
15:15:00.028 [main] INFO org.springframework.boot.test.context.SpringBootTestContextBootstrapper -- Found @SpringBootConfiguration com.web.service.addmix_store.AddmixStoreApplication for test class com.web.service.addmix_store.AddmixStoreApplicationTests
15:15:00.244 [main] INFO org.springframework.boot.devtools.restart.RestartApplicationListener -- Restart disabled due to context in which it is running

  .   ____          _            __ _ _
 /\\ / ___'_ __ _ _(_)_ __  __ _ \ \ \ \
( ( )\___ | '_ | '_| | '_ \/ _` | \ \ \ \
 \\/  ___)| |_)| | | | | || (_| |  ) ) ) )
  '  |____| .__|_| |_|_| |_\__, | / / / /
 =========|_|==============|___/=/_/_/_/

 :: Spring Boot ::                (v3.5.3)

2025-07-17T15:15:00.546+03:00  INFO 276293 --- [addmix_store] [           main] c.w.s.a.AddmixStoreApplicationTests      : Starting AddmixStoreApplicationTests using Java 17.0.15 with PID 276293 (started by amr-saleh in /home/amr-saleh/Desktop/Addmix/addmix_store)
2025-07-17T15:15:00.548+03:00  INFO 276293 --- [addmix_store] [           main] c.w.s.a.AddmixStoreApplicationTests      : No active profile set, falling back to 1 default profile: "default"
2025-07-17T15:15:01.280+03:00  INFO 276293 --- [addmix_store] [           main] .s.d.r.c.RepositoryConfigurationDelegate : Bootstrapping Spring Data JPA repositories in DEFAULT mode.
2025-07-17T15:15:01.341+03:00  INFO 276293 --- [addmix_store] [           main] .s.d.r.c.RepositoryConfigurationDelegate : Finished Spring Data repository scanning in 48 ms. Found 1 JPA repository interface.
2025-07-17T15:15:01.880+03:00  INFO 276293 --- [addmix_store] [           main] o.hibernate.jpa.internal.util.LogHelper  : HHH000204: Processing PersistenceUnitInfo [name: default]
2025-07-17T15:15:01.916+03:00  INFO 276293 --- [addmix_store] [           main] org.hibernate.Version                    : HHH000412: Hibernate ORM core version 6.6.18.Final
2025-07-17T15:15:01.949+03:00  INFO 276293 --- [addmix_store] [           main] o.h.c.internal.RegionFactoryInitiator    : HHH000026: Second-level cache disabled
2025-07-17T15:15:02.290+03:00  INFO 276293 --- [addmix_store] [           main] o.s.o.j.p.SpringPersistenceUnitInfo      : No LoadTimeWeaver setup: ignoring JPA class transformer
2025-07-17T15:15:02.324+03:00  INFO 276293 --- [addmix_store] [           main] com.zaxxer.hikari.HikariDataSource       : HikariPool-1 - Starting...
2025-07-17T15:15:02.508+03:00  INFO 276293 --- [addmix_store] [           main] com.zaxxer.hikari.pool.HikariPool        : HikariPool-1 - Added connection conn0: url=jdbc:h2:mem:testdb user=SA
2025-07-17T15:15:02.510+03:00  INFO 276293 --- [addmix_store] [           main] com.zaxxer.hikari.HikariDataSource       : HikariPool-1 - Start completed.
2025-07-17T15:15:02.533+03:00  WARN 276293 --- [addmix_store] [           main] org.hibernate.orm.deprecation            : HHH90000025: H2Dialect does not need to be specified explicitly using 'hibernate.dialect' (remove the property setting and it will be selected by default)
2025-07-17T15:15:02.559+03:00  INFO 276293 --- [addmix_store] [           main] org.hibernate.orm.connections.pooling    : HHH10001005: Database info:
	Database JDBC URL [Connecting through datasource 'HikariDataSource (HikariPool-1)']
	Database driver: undefined/unknown
	Database version: 2.3.232
	Autocommit mode: undefined/unknown
	Isolation level: undefined/unknown
	Minimum pool size: undefined/unknown
	Maximum pool size: undefined/unknown
Hibernate: create global temporary table HTE_users(rn_ integer not null, id bigint, email varchar(255), name varchar(255), primary key (rn_)) TRANSACTIONAL
2025-07-17T15:15:03.202+03:00  INFO 276293 --- [addmix_store] [           main] o.h.e.t.j.p.i.JtaPlatformInitiator       : HHH000489: No JTA platform available (set 'hibernate.transaction.jta.platform' to enable JTA platform integration)
Hibernate: create table users (id bigint not null, email varchar(255), name varchar(255), primary key (id))
Hibernate: create sequence users_seq start with 1 increment by 50
2025-07-17T15:15:03.241+03:00  INFO 276293 --- [addmix_store] [           main] j.LocalContainerEntityManagerFactoryBean : Initialized JPA EntityManagerFactory for persistence unit 'default'
2025-07-17T15:15:03.521+03:00  WARN 276293 --- [addmix_store] [           main] JpaBaseConfiguration$JpaWebConfiguration : spring.jpa.open-in-view is enabled by default. Therefore, database queries may be performed during view rendering. Explicitly configure spring.jpa.open-in-view to disable this warning
2025-07-17T15:15:03.577+03:00  INFO 276293 --- [addmix_store] [           main] r$InitializeUserDetailsManagerConfigurer : Global AuthenticationManager configured with UserDetailsService bean with name inMemoryUserDetailsManager
2025-07-17T15:15:04.038+03:00  INFO 276293 --- [addmix_store] [           main] o.s.b.a.h2.H2ConsoleAutoConfiguration    : H2 console available at '/h2-console'. Database available at 'jdbc:h2:mem:testdb'
2025-07-17T15:15:04.169+03:00  INFO 276293 --- [addmix_store] [           main] c.w.s.a.AddmixStoreApplicationTests      : Started AddmixStoreApplicationTests in 3.935 seconds (process running for 4.915)
]]></system-out>
  </testcase>
</testsuite>